GowinSynthesis start
Running parser ...
Analyzing Verilog file 'E:\Gowin\Gowin_V1.9.9_x64\IDE\ipcore\FFT\data\5a\FFT_top.v'
Analyzing included file 'defile.v'("E:\Gowin\Gowin_V1.9.9_x64\IDE\ipcore\FFT\data\5a\FFT_top.v":1585)
Back to file 'E:\Gowin\Gowin_V1.9.9_x64\IDE\ipcore\FFT\data\5a\FFT_top.v'("E:\Gowin\Gowin_V1.9.9_x64\IDE\ipcore\FFT\data\5a\FFT_top.v":1585)
Analyzing included file 'E:\Gowin\Gowin_V1.9.9_x64\IDE\ipcore\FFT\data\5a\static_macro_define.v'("E:\Gowin\Gowin_V1.9.9_x64\IDE\ipcore\FFT\data\5a\FFT_top.v":1585)
Back to file 'E:\Gowin\Gowin_V1.9.9_x64\IDE\ipcore\FFT\data\5a\FFT_top.v'("E:\Gowin\Gowin_V1.9.9_x64\IDE\ipcore\FFT\data\5a\FFT_top.v":1585)
Analyzing included file 'defile.v'("E:\Gowin\Gowin_V1.9.9_x64\IDE\ipcore\FFT\data\5a\FFT_top.v":1585)
Back to file 'E:\Gowin\Gowin_V1.9.9_x64\IDE\ipcore\FFT\data\5a\FFT_top.v'("E:\Gowin\Gowin_V1.9.9_x64\IDE\ipcore\FFT\data\5a\FFT_top.v":1585)
Analyzing included file 'defile.v'("E:\Gowin\Gowin_V1.9.9_x64\IDE\ipcore\FFT\data\5a\FFT_top.v":1585)
Back to file 'E:\Gowin\Gowin_V1.9.9_x64\IDE\ipcore\FFT\data\5a\FFT_top.v'("E:\Gowin\Gowin_V1.9.9_x64\IDE\ipcore\FFT\data\5a\FFT_top.v":1585)
WARN  (EX2830) : Data object '**' is already declared("E:\Gowin\Gowin_V1.9.9_x64\IDE\ipcore\FFT\data\5a\FFT_top.v":0)
Previous declaration of '**' is from here("E:\Gowin\Gowin_V1.9.9_x64\IDE\ipcore\FFT\data\5a\FFT_top.v":0)
WARN  (EX3671) : Second declaration of '**' is ignored("E:\Gowin\Gowin_V1.9.9_x64\IDE\ipcore\FFT\data\5a\FFT_top.v":0)
Previous declaration of '**' is from here("E:\Gowin\Gowin_V1.9.9_x64\IDE\ipcore\FFT\data\5a\FFT_top.v":0)
Analyzing included file 'defile.v'("E:\Gowin\Gowin_V1.9.9_x64\IDE\ipcore\FFT\data\5a\FFT_top.v":1585)
Back to file 'E:\Gowin\Gowin_V1.9.9_x64\IDE\ipcore\FFT\data\5a\FFT_top.v'("E:\Gowin\Gowin_V1.9.9_x64\IDE\ipcore\FFT\data\5a\FFT_top.v":1585)
Undeclared symbol '**', assumed default net type '**'("E:\Gowin\Gowin_V1.9.9_x64\IDE\ipcore\FFT\data\5a\FFT_top.v":0)
WARN  (EX3788) : Block identifier is required on this block("E:\Gowin\Gowin_V1.9.9_x64\IDE\ipcore\FFT\data\5a\FFT_top.v":0)
Analyzing included file 'defile.v'("E:\Gowin\Gowin_V1.9.9_x64\IDE\ipcore\FFT\data\5a\FFT_top.v":1585)
Back to file 'E:\Gowin\Gowin_V1.9.9_x64\IDE\ipcore\FFT\data\5a\FFT_top.v'("E:\Gowin\Gowin_V1.9.9_x64\IDE\ipcore\FFT\data\5a\FFT_top.v":1585)
Analyzing included file 'defile.v'("E:\Gowin\Gowin_V1.9.9_x64\IDE\ipcore\FFT\data\5a\FFT_top.v":1585)
Back to file 'E:\Gowin\Gowin_V1.9.9_x64\IDE\ipcore\FFT\data\5a\FFT_top.v'("E:\Gowin\Gowin_V1.9.9_x64\IDE\ipcore\FFT\data\5a\FFT_top.v":1585)
Analyzing included file 'defile.v'("E:\Gowin\Gowin_V1.9.9_x64\IDE\ipcore\FFT\data\5a\FFT_top.v":1585)
Back to file 'E:\Gowin\Gowin_V1.9.9_x64\IDE\ipcore\FFT\data\5a\FFT_top.v'("E:\Gowin\Gowin_V1.9.9_x64\IDE\ipcore\FFT\data\5a\FFT_top.v":1585)
Analyzing Verilog file 'E:\Gowin\Gowin_V1.9.9_x64\IDE\ipcore\FFT\data\5a\fft_top_wrap.v'
Analyzing included file 'defile.v'("E:\Gowin\Gowin_V1.9.9_x64\IDE\ipcore\FFT\data\5a\fft_top_wrap.v":2)
Back to file 'E:\Gowin\Gowin_V1.9.9_x64\IDE\ipcore\FFT\data\5a\fft_top_wrap.v'("E:\Gowin\Gowin_V1.9.9_x64\IDE\ipcore\FFT\data\5a\fft_top_wrap.v":2)
Analyzing included file 'E:\Gowin\Gowin_V1.9.9_x64\IDE\ipcore\FFT\data\5a\static_macro_define.v'("E:\Gowin\Gowin_V1.9.9_x64\IDE\ipcore\FFT\data\5a\fft_top_wrap.v":3)
Back to file 'E:\Gowin\Gowin_V1.9.9_x64\IDE\ipcore\FFT\data\5a\fft_top_wrap.v'("E:\Gowin\Gowin_V1.9.9_x64\IDE\ipcore\FFT\data\5a\fft_top_wrap.v":3)
Compiling module 'FFT_Top'("E:\Gowin\Gowin_V1.9.9_x64\IDE\ipcore\FFT\data\5a\fft_top_wrap.v":5)
Compiling module '**'("E:\Gowin\Gowin_V1.9.9_x64\IDE\ipcore\FFT\data\5a\FFT_top.v":0)
WARN  (EX3780) : Using initial value of '**' since it is never assigned("E:\Gowin\Gowin_V1.9.9_x64\IDE\ipcore\FFT\data\5a\FFT_top.v":0)
Compiling module '**'("E:\Gowin\Gowin_V1.9.9_x64\IDE\ipcore\FFT\data\5a\FFT_top.v":0)
WARN  (EX3791) : Expression size ** truncated to fit in target size **("E:\Gowin\Gowin_V1.9.9_x64\IDE\ipcore\FFT\data\5a\FFT_top.v":0)
Compiling module '**'("E:\Gowin\Gowin_V1.9.9_x64\IDE\ipcore\FFT\data\5a\FFT_top.v":0)
Compiling module '**'("E:\Gowin\Gowin_V1.9.9_x64\IDE\ipcore\FFT\data\5a\FFT_top.v":0)
Extracting RAM for identifier '**'("E:\Gowin\Gowin_V1.9.9_x64\IDE\ipcore\FFT\data\5a\FFT_top.v":0)
Compiling module '**'("E:\Gowin\Gowin_V1.9.9_x64\IDE\ipcore\FFT\data\5a\FFT_top.v":0)
WARN  (EX3791) : Expression size ** truncated to fit in target size **("E:\Gowin\Gowin_V1.9.9_x64\IDE\ipcore\FFT\data\5a\FFT_top.v":0)
Compiling module '**'("E:\Gowin\Gowin_V1.9.9_x64\IDE\ipcore\FFT\data\5a\FFT_top.v":0)
Compiling module '**'("E:\Gowin\Gowin_V1.9.9_x64\IDE\ipcore\FFT\data\5a\FFT_top.v":0)
Compiling module '**'("E:\Gowin\Gowin_V1.9.9_x64\IDE\ipcore\FFT\data\5a\FFT_top.v":0)
Compiling module '**'("E:\Gowin\Gowin_V1.9.9_x64\IDE\ipcore\FFT\data\5a\FFT_top.v":0)
WARN  (EX3670) : Actual bit length ** differs from formal bit length ** for port '**'("E:\Gowin\Gowin_V1.9.9_x64\IDE\ipcore\FFT\data\5a\FFT_top.v":0)
WARN  (EX3670) : Actual bit length ** differs from formal bit length ** for port '**'("E:\Gowin\Gowin_V1.9.9_x64\IDE\ipcore\FFT\data\5a\FFT_top.v":0)
WARN  (EX3791) : Expression size ** truncated to fit in target size **("E:\Gowin\Gowin_V1.9.9_x64\IDE\ipcore\FFT\data\5a\FFT_top.v":0)
Compiling module '**'("E:\Gowin\Gowin_V1.9.9_x64\IDE\ipcore\FFT\data\5a\FFT_top.v":0)
WARN  (EX3670) : Actual bit length ** differs from formal bit length ** for port '**'("E:\Gowin\Gowin_V1.9.9_x64\IDE\ipcore\FFT\data\5a\FFT_top.v":0)
WARN  (EX3670) : Actual bit length ** differs from formal bit length ** for port '**'("E:\Gowin\Gowin_V1.9.9_x64\IDE\ipcore\FFT\data\5a\FFT_top.v":0)
WARN  (EX3791) : Expression size ** truncated to fit in target size **("E:\Gowin\Gowin_V1.9.9_x64\IDE\ipcore\FFT\data\5a\FFT_top.v":0)
Compiling module '**'("E:\Gowin\Gowin_V1.9.9_x64\IDE\ipcore\FFT\data\5a\FFT_top.v":0)
WARN  (EX3791) : Expression size ** truncated to fit in target size **("E:\Gowin\Gowin_V1.9.9_x64\IDE\ipcore\FFT\data\5a\FFT_top.v":0)
Compiling module '**'("E:\Gowin\Gowin_V1.9.9_x64\IDE\ipcore\FFT\data\5a\FFT_top.v":0)
Compiling module '**'("E:\Gowin\Gowin_V1.9.9_x64\IDE\ipcore\FFT\data\5a\FFT_top.v":0)
Extracting RAM for identifier '**'("E:\Gowin\Gowin_V1.9.9_x64\IDE\ipcore\FFT\data\5a\FFT_top.v":0)
WARN  (EX3670) : Actual bit length ** differs from formal bit length ** for port '**'("E:\Gowin\Gowin_V1.9.9_x64\IDE\ipcore\FFT\data\5a\FFT_top.v":0)
WARN  (EX3791) : Expression size ** truncated to fit in target size **("E:\Gowin\Gowin_V1.9.9_x64\IDE\ipcore\FFT\data\5a\FFT_top.v":0)
WARN  (EX3670) : Actual bit length ** differs from formal bit length ** for port '**'("E:\Gowin\Gowin_V1.9.9_x64\IDE\ipcore\FFT\data\5a\FFT_top.v":0)
WARN  (EX3791) : Expression size ** truncated to fit in target size **("E:\Gowin\Gowin_V1.9.9_x64\IDE\ipcore\FFT\data\5a\FFT_top.v":0)
Compiling module '**'("E:\Gowin\Gowin_V1.9.9_x64\IDE\ipcore\FFT\data\5a\FFT_top.v":0)
WARN  (EX3670) : Actual bit length ** differs from formal bit length ** for port '**'("E:\Gowin\Gowin_V1.9.9_x64\IDE\ipcore\FFT\data\5a\FFT_top.v":0)
WARN  (EX3791) : Expression size ** truncated to fit in target size **("E:\Gowin\Gowin_V1.9.9_x64\IDE\ipcore\FFT\data\5a\FFT_top.v":0)
Compiling module '**'("E:\Gowin\Gowin_V1.9.9_x64\IDE\ipcore\FFT\data\5a\FFT_top.v":0)
Compiling module '**'("E:\Gowin\Gowin_V1.9.9_x64\IDE\ipcore\FFT\data\5a\FFT_top.v":0)
Extracting RAM for identifier '**'("E:\Gowin\Gowin_V1.9.9_x64\IDE\ipcore\FFT\data\5a\FFT_top.v":0)
WARN  (EX3670) : Actual bit length ** differs from formal bit length ** for port '**'("E:\Gowin\Gowin_V1.9.9_x64\IDE\ipcore\FFT\data\5a\FFT_top.v":0)
Compiling module '**'("E:\Gowin\Gowin_V1.9.9_x64\IDE\ipcore\FFT\data\5a\FFT_top.v":0)
WARN  (EX3791) : Expression size ** truncated to fit in target size **("E:\Gowin\Gowin_V1.9.9_x64\IDE\ipcore\FFT\data\5a\FFT_top.v":0)
Compiling module '**'("E:\Gowin\Gowin_V1.9.9_x64\IDE\ipcore\FFT\data\5a\FFT_top.v":0)
Extracting RAM for identifier '**'("E:\Gowin\Gowin_V1.9.9_x64\IDE\ipcore\FFT\data\5a\FFT_top.v":0)
Extracting RAM for identifier '**'("E:\Gowin\Gowin_V1.9.9_x64\IDE\ipcore\FFT\data\5a\FFT_top.v":0)
WARN  (EX3670) : Actual bit length ** differs from formal bit length ** for port '**'("E:\Gowin\Gowin_V1.9.9_x64\IDE\ipcore\FFT\data\5a\FFT_top.v":0)
WARN  (EX3791) : Expression size ** truncated to fit in target size **("E:\Gowin\Gowin_V1.9.9_x64\IDE\ipcore\FFT\data\5a\FFT_top.v":0)
Compiling module '**'("E:\Gowin\Gowin_V1.9.9_x64\IDE\ipcore\FFT\data\5a\FFT_top.v":0)
WARN  (EX3670) : Actual bit length ** differs from formal bit length ** for port '**'("E:\Gowin\Gowin_V1.9.9_x64\IDE\ipcore\FFT\data\5a\FFT_top.v":0)
WARN  (EX3791) : Expression size ** truncated to fit in target size **("E:\Gowin\Gowin_V1.9.9_x64\IDE\ipcore\FFT\data\5a\FFT_top.v":0)
Compiling module '**'("E:\Gowin\Gowin_V1.9.9_x64\IDE\ipcore\FFT\data\5a\FFT_top.v":0)
Compiling module '**'("E:\Gowin\Gowin_V1.9.9_x64\IDE\ipcore\FFT\data\5a\FFT_top.v":0)
Extracting RAM for identifier '**'("E:\Gowin\Gowin_V1.9.9_x64\IDE\ipcore\FFT\data\5a\FFT_top.v":0)
WARN  (EX3670) : Actual bit length ** differs from formal bit length ** for port '**'("E:\Gowin\Gowin_V1.9.9_x64\IDE\ipcore\FFT\data\5a\FFT_top.v":0)
WARN  (EX3791) : Expression size ** truncated to fit in target size **("E:\Gowin\Gowin_V1.9.9_x64\IDE\ipcore\FFT\data\5a\FFT_top.v":0)
Compiling module '**'("E:\Gowin\Gowin_V1.9.9_x64\IDE\ipcore\FFT\data\5a\FFT_top.v":0)
Extracting RAM for identifier '**'("E:\Gowin\Gowin_V1.9.9_x64\IDE\ipcore\FFT\data\5a\FFT_top.v":0)
Extracting RAM for identifier '**'("E:\Gowin\Gowin_V1.9.9_x64\IDE\ipcore\FFT\data\5a\FFT_top.v":0)
WARN  (EX3670) : Actual bit length ** differs from formal bit length ** for port '**'("E:\Gowin\Gowin_V1.9.9_x64\IDE\ipcore\FFT\data\5a\FFT_top.v":0)
WARN  (EX3791) : Expression size ** truncated to fit in target size **("E:\Gowin\Gowin_V1.9.9_x64\IDE\ipcore\FFT\data\5a\FFT_top.v":0)
Compiling module '**'("E:\Gowin\Gowin_V1.9.9_x64\IDE\ipcore\FFT\data\5a\FFT_top.v":0)
WARN  (EX3670) : Actual bit length ** differs from formal bit length ** for port '**'("E:\Gowin\Gowin_V1.9.9_x64\IDE\ipcore\FFT\data\5a\FFT_top.v":0)
WARN  (EX3791) : Expression size ** truncated to fit in target size **("E:\Gowin\Gowin_V1.9.9_x64\IDE\ipcore\FFT\data\5a\FFT_top.v":0)
WARN  (EX3670) : Actual bit length ** differs from formal bit length ** for port '**'("E:\Gowin\Gowin_V1.9.9_x64\IDE\ipcore\FFT\data\5a\FFT_top.v":0)
WARN  (EX3791) : Expression size ** truncated to fit in target size **("E:\Gowin\Gowin_V1.9.9_x64\IDE\ipcore\FFT\data\5a\FFT_top.v":0)
Compiling module '**'("E:\Gowin\Gowin_V1.9.9_x64\IDE\ipcore\FFT\data\5a\FFT_top.v":0)
Extracting RAM for identifier '**'("E:\Gowin\Gowin_V1.9.9_x64\IDE\ipcore\FFT\data\5a\FFT_top.v":0)
Extracting RAM for identifier '**'("E:\Gowin\Gowin_V1.9.9_x64\IDE\ipcore\FFT\data\5a\FFT_top.v":0)
WARN  (EX3670) : Actual bit length ** differs from formal bit length ** for port '**'("E:\Gowin\Gowin_V1.9.9_x64\IDE\ipcore\FFT\data\5a\FFT_top.v":0)
WARN  (EX3791) : Expression size ** truncated to fit in target size **("E:\Gowin\Gowin_V1.9.9_x64\IDE\ipcore\FFT\data\5a\FFT_top.v":0)
WARN  (EX3670) : Actual bit length ** differs from formal bit length ** for port '**'("E:\Gowin\Gowin_V1.9.9_x64\IDE\ipcore\FFT\data\5a\FFT_top.v":0)
WARN  (EX3791) : Expression size ** truncated to fit in target size **("E:\Gowin\Gowin_V1.9.9_x64\IDE\ipcore\FFT\data\5a\FFT_top.v":0)
Compiling module '**'("E:\Gowin\Gowin_V1.9.9_x64\IDE\ipcore\FFT\data\5a\FFT_top.v":0)
Extracting RAM for identifier '**'("E:\Gowin\Gowin_V1.9.9_x64\IDE\ipcore\FFT\data\5a\FFT_top.v":0)
Extracting RAM for identifier '**'("E:\Gowin\Gowin_V1.9.9_x64\IDE\ipcore\FFT\data\5a\FFT_top.v":0)
WARN  (EX3670) : Actual bit length ** differs from formal bit length ** for port '**'("E:\Gowin\Gowin_V1.9.9_x64\IDE\ipcore\FFT\data\5a\FFT_top.v":0)
WARN  (EX3791) : Expression size ** truncated to fit in target size **("E:\Gowin\Gowin_V1.9.9_x64\IDE\ipcore\FFT\data\5a\FFT_top.v":0)
Compiling module '**'("E:\Gowin\Gowin_V1.9.9_x64\IDE\ipcore\FFT\data\5a\FFT_top.v":0)
WARN  (EX3670) : Actual bit length ** differs from formal bit length ** for port '**'("E:\Gowin\Gowin_V1.9.9_x64\IDE\ipcore\FFT\data\5a\FFT_top.v":0)
WARN  (EX3791) : Expression size ** truncated to fit in target size **("E:\Gowin\Gowin_V1.9.9_x64\IDE\ipcore\FFT\data\5a\FFT_top.v":0)
WARN  (EX3670) : Actual bit length ** differs from formal bit length ** for port '**'("E:\Gowin\Gowin_V1.9.9_x64\IDE\ipcore\FFT\data\5a\FFT_top.v":0)
WARN  (EX1998) : Net '**' does not have a driver("E:\Gowin\Gowin_V1.9.9_x64\IDE\ipcore\FFT\data\5a\FFT_top.v":0)
NOTE  (EX0101) : Current top module is "FFT_Top"
[5%] Running netlist conversion ...
Running device independent optimization ...
[10%] Optimizing Phase 0 completed
[15%] Optimizing Phase 1 completed
[25%] Optimizing Phase 2 completed
Running inference ...
[30%] Inferring Phase 0 completed
[40%] Inferring Phase 1 completed
[50%] Inferring Phase 2 completed
[55%] Inferring Phase 3 completed
Running technical mapping ...
[60%] Tech-Mapping Phase 0 completed
[65%] Tech-Mapping Phase 1 completed
[75%] Tech-Mapping Phase 2 completed
[80%] Tech-Mapping Phase 3 completed
[90%] Tech-Mapping Phase 4 completed
[95%] Generate netlist file "E:\FPGA\sound_test\src\fft\temp\FFT\fft.vg" completed
Generate template file "E:\FPGA\sound_test\src\fft\temp\FFT\fft_tmp.v" completed
[100%] Generate report file "E:\FPGA\sound_test\src\fft\temp\FFT\fft_syn.rpt.html" completed
GowinSynthesis finish
